{"numFailedTestSuites":0,"numFailedTests":0,"numPassedTestSuites":10,"numPassedTests":23,"numPendingTestSuites":0,"numPendingTests":0,"numRuntimeErrorTestSuites":0,"numTodoTests":0,"numTotalTestSuites":10,"numTotalTests":23,"openHandles":[],"snapshot":{"added":0,"didUpdate":false,"failure":false,"filesAdded":0,"filesRemoved":0,"filesRemovedList":[],"filesUnmatched":0,"filesUpdated":0,"matched":0,"total":0,"unchecked":0,"uncheckedKeysByFile":[],"unmatched":0,"updated":0},"startTime":1769501792429,"success":true,"testResults":[{"assertionResults":[{"ancestorTitles":["Sanity Check"],"duration":530,"failing":false,"failureDetails":[],"failureMessages":[],"fullName":"Sanity Check renders BillCreator","invocations":1,"location":null,"numPassingAsserts":0,"retryReasons":[],"startAt":1769501806546,"status":"passed","title":"renders BillCreator"}],"endTime":1769501807084,"message":"","name":"E:\\projects\\tourBiller\\src\\__tests__\\sanity.test.tsx","startTime":1769501800401,"status":"passed","summary":""},{"assertionResults":[{"ancestorTitles":["Property 16: Currency Formatting Consistency"],"duration":907,"failing":false,"failureDetails":[],"failureMessages":[],"fullName":"Property 16: Currency Formatting Consistency should format any monetary value with consistent currency formatting throughout the application","invocations":1,"location":null,"numPassingAsserts":838,"retryReasons":[],"startAt":1769501805340,"status":"passed","title":"should format any monetary value with consistent currency formatting throughout the application"},{"ancestorTitles":["Property 16: Currency Formatting Consistency"],"duration":1225,"failing":false,"failureDetails":[],"failureMessages":[],"fullName":"Property 16: Currency Formatting Consistency should maintain formatting consistency across different contexts","invocations":1,"location":null,"numPassingAsserts":1724,"retryReasons":[],"startAt":1769501806249,"status":"passed","title":"should maintain formatting consistency across different contexts"},{"ancestorTitles":["Property 16: Currency Formatting Consistency"],"duration":295,"failing":false,"failureDetails":[],"failureMessages":[],"fullName":"Property 16: Currency Formatting Consistency should handle edge cases and boundary values consistently","invocations":1,"location":null,"numPassingAsserts":371,"retryReasons":[],"startAt":1769501807487,"status":"passed","title":"should handle edge cases and boundary values consistently"},{"ancestorTitles":["Property 16: Currency Formatting Consistency"],"duration":399,"failing":false,"failureDetails":[],"failureMessages":[],"fullName":"Property 16: Currency Formatting Consistency should maintain precision and avoid floating point errors","invocations":1,"location":null,"numPassingAsserts":400,"retryReasons":[],"startAt":1769501807783,"status":"passed","title":"should maintain precision and avoid floating point errors"}],"endTime":1769501808188,"message":"","name":"E:\\projects\\tourBiller\\src\\__tests__\\properties\\currency-formatting.test.ts","startTime":1769501800217,"status":"passed","summary":""},{"assertionResults":[{"ancestorTitles":["Property 5: Validation Schema Consistency"],"duration":1389,"failing":false,"failureDetails":[],"failureMessages":[],"fullName":"Property 5: Validation Schema Consistency should produce consistent validation results for any bill data across client and server","invocations":1,"location":null,"numPassingAsserts":2407,"retryReasons":[],"startAt":1769501805860,"status":"passed","title":"should produce consistent validation results for any bill data across client and server"},{"ancestorTitles":["Property 5: Validation Schema Consistency"],"duration":507,"failing":false,"failureDetails":[],"failureMessages":[],"fullName":"Property 5: Validation Schema Consistency should handle edge cases consistently across validation calls","invocations":1,"location":null,"numPassingAsserts":600,"retryReasons":[],"startAt":1769501807254,"status":"passed","title":"should handle edge cases consistently across validation calls"},{"ancestorTitles":["Property 5: Validation Schema Consistency"],"duration":499,"failing":false,"failureDetails":[],"failureMessages":[],"fullName":"Property 5: Validation Schema Consistency should maintain validation consistency with default values","invocations":1,"location":null,"numPassingAsserts":1000,"retryReasons":[],"startAt":1769501807762,"status":"passed","title":"should maintain validation consistency with default values"}],"endTime":1769501808267,"message":"","name":"E:\\projects\\tourBiller\\src\\__tests__\\properties\\validation-schema-consistency.test.ts","startTime":1769501800737,"status":"passed","summary":""},{"assertionResults":[{"ancestorTitles":["Property 3: Valid Bill Persistence"],"duration":1248,"failing":false,"failureDetails":[],"failureMessages":[],"fullName":"Property 3: Valid Bill Persistence should successfully persist any bill that passes validation and return a valid bill ID","invocations":1,"location":null,"numPassingAsserts":2400,"retryReasons":[],"startAt":1769501805758,"status":"passed","title":"should successfully persist any bill that passes validation and return a valid bill ID"},{"ancestorTitles":["Property 3: Valid Bill Persistence"],"duration":659,"failing":false,"failureDetails":[],"failureMessages":[],"fullName":"Property 3: Valid Bill Persistence should handle database persistence with various data types correctly","invocations":1,"location":null,"numPassingAsserts":1400,"retryReasons":[],"startAt":1769501807019,"status":"passed","title":"should handle database persistence with various data types correctly"},{"ancestorTitles":["Property 3: Valid Bill Persistence"],"duration":2094,"failing":false,"failureDetails":[],"failureMessages":[],"fullName":"Property 3: Valid Bill Persistence should maintain data integrity during persistence operations","invocations":1,"location":null,"numPassingAsserts":3632,"retryReasons":[],"startAt":1769501807679,"status":"passed","title":"should maintain data integrity during persistence operations"}],"endTime":1769501809793,"message":"","name":"E:\\projects\\tourBiller\\src\\__tests__\\properties\\valid-bill-persistence.test.ts","startTime":1769501800373,"status":"passed","summary":""},{"assertionResults":[{"ancestorTitles":["Property 2: Total Amount Calculation Correctness"],"duration":1400,"failing":false,"failureDetails":[],"failureMessages":[],"fullName":"Property 2: Total Amount Calculation Correctness should calculate total amount correctly for any valid bill data","invocations":1,"location":null,"numPassingAsserts":1100,"retryReasons":[],"startAt":1769501809044,"status":"passed","title":"should calculate total amount correctly for any valid bill data"},{"ancestorTitles":["Property 2: Total Amount Calculation Correctness"],"duration":175,"failing":false,"failureDetails":[],"failureMessages":[],"fullName":"Property 2: Total Amount Calculation Correctness should handle edge cases in calculation correctly","invocations":1,"location":null,"numPassingAsserts":400,"retryReasons":[],"startAt":1769501810446,"status":"passed","title":"should handle edge cases in calculation correctly"},{"ancestorTitles":["Property 2: Total Amount Calculation Correctness"],"duration":307,"failing":false,"failureDetails":[],"failureMessages":[],"fullName":"Property 2: Total Amount Calculation Correctness should maintain calculation precision and consistency","invocations":1,"location":null,"numPassingAsserts":700,"retryReasons":[],"startAt":1769501810622,"status":"passed","title":"should maintain calculation precision and consistency"},{"ancestorTitles":["Property 2: Total Amount Calculation Correctness"],"duration":75,"failing":false,"failureDetails":[],"failureMessages":[],"fullName":"Property 2: Total Amount Calculation Correctness should handle zero and boundary values correctly","invocations":1,"location":null,"numPassingAsserts":201,"retryReasons":[],"startAt":1769501810930,"status":"passed","title":"should handle zero and boundary values correctly"}],"endTime":1769501811008,"message":"","name":"E:\\projects\\tourBiller\\src\\__tests__\\properties\\calculation-correctness.test.ts","startTime":1769501807189,"status":"passed","summary":""},{"assertionResults":[{"ancestorTitles":["Property 13: Database Error Handling"],"duration":253,"failing":false,"failureDetails":[],"failureMessages":[],"fullName":"Property 13: Database Error Handling createBill should handle database errors gracefully","invocations":1,"location":null,"numPassingAsserts":100,"retryReasons":[],"startAt":1769501810722,"status":"passed","title":"createBill should handle database errors gracefully"},{"ancestorTitles":["Property 13: Database Error Handling"],"duration":160,"failing":false,"failureDetails":[],"failureMessages":[],"fullName":"Property 13: Database Error Handling getBills should handle database errors gracefully","invocations":1,"location":null,"numPassingAsserts":100,"retryReasons":[],"startAt":1769501810976,"status":"passed","title":"getBills should handle database errors gracefully"}],"endTime":1769501811138,"message":"","name":"E:\\projects\\tourBiller\\src\\__tests__\\properties\\database-error-handling.test.ts","startTime":1769501808565,"status":"passed","summary":""},{"assertionResults":[{"ancestorTitles":["Property 4: Invalid Bill Rejection"],"duration":674,"failing":false,"failureDetails":[],"failureMessages":[],"fullName":"Property 4: Invalid Bill Rejection should reject invalid bills","invocations":1,"location":null,"numPassingAsserts":300,"retryReasons":[],"startAt":1769501810726,"status":"passed","title":"should reject invalid bills"}],"endTime":1769501811407,"message":"","name":"E:\\projects\\tourBiller\\src\\__tests__\\properties\\invalid-bill-rejection.test.ts","startTime":1769501808375,"status":"passed","summary":""},{"assertionResults":[{"ancestorTitles":["Property 15: Validation Error Display"],"duration":4313,"failing":false,"failureDetails":[],"failureMessages":[],"fullName":"Property 15: Validation Error Display should display visual indicators for invalid fields","invocations":1,"location":null,"numPassingAsserts":10,"retryReasons":[],"startAt":1769501807329,"status":"passed","title":"should display visual indicators for invalid fields"}],"endTime":1769501811651,"message":"","name":"E:\\projects\\tourBiller\\src\\__tests__\\properties\\validation-error-display.test.tsx","startTime":1769501799988,"status":"passed","summary":""},{"assertionResults":[{"ancestorTitles":["Property 1: Bill Number Uniqueness and Sequencing"],"duration":1042,"failing":false,"failureDetails":[],"failureMessages":[],"fullName":"Property 1: Bill Number Uniqueness and Sequencing should generate unique auto-incrementing bill numbers for any sequence of bill creation operations","invocations":1,"location":null,"numPassingAsserts":1256,"retryReasons":[],"startAt":1769501805737,"status":"passed","title":"should generate unique auto-incrementing bill numbers for any sequence of bill creation operations"},{"ancestorTitles":["Property 1: Bill Number Uniqueness and Sequencing"],"duration":3753,"failing":false,"failureDetails":[],"failureMessages":[],"fullName":"Property 1: Bill Number Uniqueness and Sequencing should maintain bill number uniqueness even with concurrent creation attempts","invocations":1,"location":null,"numPassingAsserts":541,"retryReasons":[],"startAt":1769501806781,"status":"passed","title":"should maintain bill number uniqueness even with concurrent creation attempts"},{"ancestorTitles":["Property 1: Bill Number Uniqueness and Sequencing"],"duration":2087,"failing":false,"failureDetails":[],"failureMessages":[],"fullName":"Property 1: Bill Number Uniqueness and Sequencing should handle edge cases in bill number generation","invocations":1,"location":null,"numPassingAsserts":4236,"retryReasons":[],"startAt":1769501810537,"status":"passed","title":"should handle edge cases in bill number generation"}],"endTime":1769501812630,"message":"","name":"E:\\projects\\tourBiller\\src\\__tests__\\properties\\bill-number-uniqueness.test.ts","startTime":1769501800009,"status":"passed","summary":""},{"assertionResults":[{"ancestorTitles":["Property 14: Form Submission Feedback"],"duration":10647,"failing":false,"failureDetails":[],"failureMessages":[],"fullName":"Property 14: Form Submission Feedback should provide feedback for any submission outcome","invocations":1,"location":null,"numPassingAsserts":40,"retryReasons":[],"startAt":1769501807393,"status":"passed","title":"should provide feedback for any submission outcome"}],"endTime":1769501818045,"message":"","name":"E:\\projects\\tourBiller\\src\\__tests__\\properties\\form-submission-feedback.test.tsx","startTime":1769501800064,"status":"passed","summary":""}],"wasInterrupted":false}
